2025-06-04T17:51:16.009067800|Criado arquivo: teste3|
2025-06-04T17:51:40.263448200|Copiado arquivo: teste3 -> testecopiado|
2025-06-04T17:56:28.279743200|Criado arquivo: teste1|
2025-06-04T18:21:37.581159|SISTEMA_CARREGADO|data/base.dat
2025-06-04T18:21:37.608997100|ERRO_SISTEMA|Falha ao carregar: SimulatedFileSystem; local class incompatible: stream classdesc serialVersionUID = 1983727908241567437, local class serialVersionUID = 1
2025-06-04T18:21:51.661634800|Criado arquivo: teste|
2025-06-04T18:21:54.975786500|SISTEMA_SALVO|data/base.dat
2025-06-04T18:22:01.468613500|SISTEMA_CARREGADO|data/base.dat
2025-06-04T18:22:15.671869900|ERRO_SISTEMA|Falha ao carregar: null
2025-06-04T18:22:25.196709800|Criado arquivo: teste|
2025-06-04T18:22:29.504096600|SISTEMA_SALVO|data/base.dat
2025-06-04T18:22:44.992969500|SISTEMA_CARREGADO|data/base.dat
2025-06-04T18:23:35.077520400|SISTEMA_CARREGADO|data/base.dat
2025-06-04T18:23:57.711416600|Copiado arquivo: teste -> teste-copied|
2025-06-04T18:24:03.029044300|SISTEMA_SALVO|data/base.dat
2025-06-04T18:24:17.520038800|SISTEMA_CARREGADO|data/base.dat
2025-06-04T18:24:22.611012100|SISTEMA_SALVO|data/base.dat
2025-06-04T18:29:33.332746600|SISTEMA_CARREGADO|data/base.dat
2025-06-04T18:29:55.123023800|Criado arquivo: mensagem.txt|
2025-06-05T13:06:51.708609900|SISTEMA_CARREGADO|data/base.dat
2025-06-05T13:07:06.117790100|Apagado arquivo: teste|
2025-06-05T13:07:11.199521800|SISTEMA_SALVO|data/base.dat
 2025-06-05T13:28:50.390495300|SISTEMA_CARREGADO|data/base.dat
2025-06-05T13:29:32.780568100|CRIAR_DIRETORIO|pasta
2025-06-05T13:43:23.414076700|SISTEMA_CARREGADO|data/base.dat
2025-06-05T13:43:57.630215800|CRIAR_DIRETORIO|dir
2025-06-05T13:44:29.027266700|Criado arquivo 'item_dir' no diretório 'dir'|
2025-06-05T13:44:54.630759|SISTEMA_SALVO|data/base.dat
2025-06-05T13:45:01.920955200|SISTEMA_CARREGADO|data/base.dat
2025-06-05T13:45:31.742441100|CRIAR_DIRETORIO|dir_teste
2025-06-05T13:45:51.486695800|Criado arquivo 'arq_teste' no diretório 'dir_teste'|
2025-06-05T13:46:05.648598900|SISTEMA_SALVO|data/base.dat
2025-06-05T13:57:02.552791100|SISTEMA_CARREGADO|data/base.dat
2025-06-05T13:57:32.409112400|Renomeado arquivo: teste-copied -> testado|
2025-06-05T13:57:36.738795|SISTEMA_SALVO|data/base.dat
